CRITICAL - 2021-11-10 22:57:49 --> Call to undefined function App\Controllers\plantilla()
#0 D:\xampp\htdocs\AlumbradoPublico\system\CodeIgniter.php(824): App\Controllers\Inicio->mapa()
#1 D:\xampp\htdocs\AlumbradoPublico\system\CodeIgniter.php(410): CodeIgniter\CodeIgniter->runController(Object(App\Controllers\Inicio))
#2 D:\xampp\htdocs\AlumbradoPublico\system\CodeIgniter.php(318): CodeIgniter\CodeIgniter->handleRequest(NULL, Object(Config\Cache), false)
#3 D:\xampp\htdocs\AlumbradoPublico\public\index.php(37): CodeIgniter\CodeIgniter->run()
#4 {main}
CRITICAL - 2021-11-10 22:58:08 --> Call to undefined function App\Controllers\plantilla()
#0 D:\xampp\htdocs\AlumbradoPublico\system\CodeIgniter.php(824): App\Controllers\Inicio->mapa()
#1 D:\xampp\htdocs\AlumbradoPublico\system\CodeIgniter.php(410): CodeIgniter\CodeIgniter->runController(Object(App\Controllers\Inicio))
#2 D:\xampp\htdocs\AlumbradoPublico\system\CodeIgniter.php(318): CodeIgniter\CodeIgniter->handleRequest(NULL, Object(Config\Cache), false)
#3 D:\xampp\htdocs\AlumbradoPublico\public\index.php(37): CodeIgniter\CodeIgniter->run()
#4 {main}
CRITICAL - 2021-11-10 22:59:23 --> Undefined variable $helpers
#0 D:\xampp\htdocs\AlumbradoPublico\app\Controllers\BaseController.php(47): CodeIgniter\Debug\Exceptions->errorHandler(2, 'Undefined varia...', 'D:\\xampp\\htdocs...', 47)
#1 D:\xampp\htdocs\AlumbradoPublico\system\CodeIgniter.php(802): App\Controllers\BaseController->initController(Object(CodeIgniter\HTTP\IncomingRequest), Object(CodeIgniter\HTTP\Response), Object(CodeIgniter\Log\Logger))
#2 D:\xampp\htdocs\AlumbradoPublico\system\CodeIgniter.php(401): CodeIgniter\CodeIgniter->createController()
#3 D:\xampp\htdocs\AlumbradoPublico\system\CodeIgniter.php(318): CodeIgniter\CodeIgniter->handleRequest(NULL, Object(Config\Cache), false)
#4 D:\xampp\htdocs\AlumbradoPublico\public\index.php(37): CodeIgniter\CodeIgniter->run()
#5 {main}
CRITICAL - 2021-11-10 22:59:42 --> Call to undefined function App\Controllers\plantilla()
#0 D:\xampp\htdocs\AlumbradoPublico\system\CodeIgniter.php(824): App\Controllers\Inicio->mapa()
#1 D:\xampp\htdocs\AlumbradoPublico\system\CodeIgniter.php(410): CodeIgniter\CodeIgniter->runController(Object(App\Controllers\Inicio))
#2 D:\xampp\htdocs\AlumbradoPublico\system\CodeIgniter.php(318): CodeIgniter\CodeIgniter->handleRequest(NULL, Object(Config\Cache), false)
#3 D:\xampp\htdocs\AlumbradoPublico\public\index.php(37): CodeIgniter\CodeIgniter->run()
#4 {main}
CRITICAL - 2021-11-10 22:59:53 --> Call to undefined function App\Controllers\plantilla()
#0 D:\xampp\htdocs\AlumbradoPublico\system\CodeIgniter.php(824): App\Controllers\Inicio->mapa()
#1 D:\xampp\htdocs\AlumbradoPublico\system\CodeIgniter.php(410): CodeIgniter\CodeIgniter->runController(Object(App\Controllers\Inicio))
#2 D:\xampp\htdocs\AlumbradoPublico\system\CodeIgniter.php(318): CodeIgniter\CodeIgniter->handleRequest(NULL, Object(Config\Cache), false)
#3 D:\xampp\htdocs\AlumbradoPublico\public\index.php(37): CodeIgniter\CodeIgniter->run()
#4 {main}
CRITICAL - 2021-11-10 22:59:53 --> Call to undefined function App\Controllers\plantilla()
#0 D:\xampp\htdocs\AlumbradoPublico\system\CodeIgniter.php(824): App\Controllers\Inicio->mapa()
#1 D:\xampp\htdocs\AlumbradoPublico\system\CodeIgniter.php(410): CodeIgniter\CodeIgniter->runController(Object(App\Controllers\Inicio))
#2 D:\xampp\htdocs\AlumbradoPublico\system\CodeIgniter.php(318): CodeIgniter\CodeIgniter->handleRequest(NULL, Object(Config\Cache), false)
#3 D:\xampp\htdocs\AlumbradoPublico\public\index.php(37): CodeIgniter\CodeIgniter->run()
#4 {main}
CRITICAL - 2021-11-10 22:59:54 --> Call to undefined function App\Controllers\plantilla()
#0 D:\xampp\htdocs\AlumbradoPublico\system\CodeIgniter.php(824): App\Controllers\Inicio->mapa()
#1 D:\xampp\htdocs\AlumbradoPublico\system\CodeIgniter.php(410): CodeIgniter\CodeIgniter->runController(Object(App\Controllers\Inicio))
#2 D:\xampp\htdocs\AlumbradoPublico\system\CodeIgniter.php(318): CodeIgniter\CodeIgniter->handleRequest(NULL, Object(Config\Cache), false)
#3 D:\xampp\htdocs\AlumbradoPublico\public\index.php(37): CodeIgniter\CodeIgniter->run()
#4 {main}
CRITICAL - 2021-11-10 23:00:44 --> Call to undefined function App\Controllers\plantilla()
#0 D:\xampp\htdocs\AlumbradoPublico\system\CodeIgniter.php(824): App\Controllers\Inicio->mapa()
#1 D:\xampp\htdocs\AlumbradoPublico\system\CodeIgniter.php(410): CodeIgniter\CodeIgniter->runController(Object(App\Controllers\Inicio))
#2 D:\xampp\htdocs\AlumbradoPublico\system\CodeIgniter.php(318): CodeIgniter\CodeIgniter->handleRequest(NULL, Object(Config\Cache), false)
#3 D:\xampp\htdocs\AlumbradoPublico\public\index.php(37): CodeIgniter\CodeIgniter->run()
#4 {main}
CRITICAL - 2021-11-10 23:00:45 --> Call to undefined function App\Controllers\plantilla()
#0 D:\xampp\htdocs\AlumbradoPublico\system\CodeIgniter.php(824): App\Controllers\Inicio->mapa()
#1 D:\xampp\htdocs\AlumbradoPublico\system\CodeIgniter.php(410): CodeIgniter\CodeIgniter->runController(Object(App\Controllers\Inicio))
#2 D:\xampp\htdocs\AlumbradoPublico\system\CodeIgniter.php(318): CodeIgniter\CodeIgniter->handleRequest(NULL, Object(Config\Cache), false)
#3 D:\xampp\htdocs\AlumbradoPublico\public\index.php(37): CodeIgniter\CodeIgniter->run()
#4 {main}
CRITICAL - 2021-11-10 23:00:45 --> Call to undefined function App\Controllers\plantilla()
#0 D:\xampp\htdocs\AlumbradoPublico\system\CodeIgniter.php(824): App\Controllers\Inicio->mapa()
#1 D:\xampp\htdocs\AlumbradoPublico\system\CodeIgniter.php(410): CodeIgniter\CodeIgniter->runController(Object(App\Controllers\Inicio))
#2 D:\xampp\htdocs\AlumbradoPublico\system\CodeIgniter.php(318): CodeIgniter\CodeIgniter->handleRequest(NULL, Object(Config\Cache), false)
#3 D:\xampp\htdocs\AlumbradoPublico\public\index.php(37): CodeIgniter\CodeIgniter->run()
#4 {main}
CRITICAL - 2021-11-10 23:00:45 --> Call to undefined function App\Controllers\plantilla()
#0 D:\xampp\htdocs\AlumbradoPublico\system\CodeIgniter.php(824): App\Controllers\Inicio->mapa()
#1 D:\xampp\htdocs\AlumbradoPublico\system\CodeIgniter.php(410): CodeIgniter\CodeIgniter->runController(Object(App\Controllers\Inicio))
#2 D:\xampp\htdocs\AlumbradoPublico\system\CodeIgniter.php(318): CodeIgniter\CodeIgniter->handleRequest(NULL, Object(Config\Cache), false)
#3 D:\xampp\htdocs\AlumbradoPublico\public\index.php(37): CodeIgniter\CodeIgniter->run()
#4 {main}
CRITICAL - 2021-11-10 23:00:45 --> Call to undefined function App\Controllers\plantilla()
#0 D:\xampp\htdocs\AlumbradoPublico\system\CodeIgniter.php(824): App\Controllers\Inicio->mapa()
#1 D:\xampp\htdocs\AlumbradoPublico\system\CodeIgniter.php(410): CodeIgniter\CodeIgniter->runController(Object(App\Controllers\Inicio))
#2 D:\xampp\htdocs\AlumbradoPublico\system\CodeIgniter.php(318): CodeIgniter\CodeIgniter->handleRequest(NULL, Object(Config\Cache), false)
#3 D:\xampp\htdocs\AlumbradoPublico\public\index.php(37): CodeIgniter\CodeIgniter->run()
#4 {main}
CRITICAL - 2021-11-10 23:00:46 --> Call to undefined function App\Controllers\plantilla()
#0 D:\xampp\htdocs\AlumbradoPublico\system\CodeIgniter.php(824): App\Controllers\Inicio->mapa()
#1 D:\xampp\htdocs\AlumbradoPublico\system\CodeIgniter.php(410): CodeIgniter\CodeIgniter->runController(Object(App\Controllers\Inicio))
#2 D:\xampp\htdocs\AlumbradoPublico\system\CodeIgniter.php(318): CodeIgniter\CodeIgniter->handleRequest(NULL, Object(Config\Cache), false)
#3 D:\xampp\htdocs\AlumbradoPublico\public\index.php(37): CodeIgniter\CodeIgniter->run()
#4 {main}
CRITICAL - 2021-11-10 23:00:46 --> Call to undefined function App\Controllers\plantilla()
#0 D:\xampp\htdocs\AlumbradoPublico\system\CodeIgniter.php(824): App\Controllers\Inicio->mapa()
#1 D:\xampp\htdocs\AlumbradoPublico\system\CodeIgniter.php(410): CodeIgniter\CodeIgniter->runController(Object(App\Controllers\Inicio))
#2 D:\xampp\htdocs\AlumbradoPublico\system\CodeIgniter.php(318): CodeIgniter\CodeIgniter->handleRequest(NULL, Object(Config\Cache), false)
#3 D:\xampp\htdocs\AlumbradoPublico\public\index.php(37): CodeIgniter\CodeIgniter->run()
#4 {main}
CRITICAL - 2021-11-10 23:00:46 --> Call to undefined function App\Controllers\plantilla()
#0 D:\xampp\htdocs\AlumbradoPublico\system\CodeIgniter.php(824): App\Controllers\Inicio->mapa()
#1 D:\xampp\htdocs\AlumbradoPublico\system\CodeIgniter.php(410): CodeIgniter\CodeIgniter->runController(Object(App\Controllers\Inicio))
#2 D:\xampp\htdocs\AlumbradoPublico\system\CodeIgniter.php(318): CodeIgniter\CodeIgniter->handleRequest(NULL, Object(Config\Cache), false)
#3 D:\xampp\htdocs\AlumbradoPublico\public\index.php(37): CodeIgniter\CodeIgniter->run()
#4 {main}
CRITICAL - 2021-11-10 23:00:46 --> Call to undefined function App\Controllers\plantilla()
#0 D:\xampp\htdocs\AlumbradoPublico\system\CodeIgniter.php(824): App\Controllers\Inicio->mapa()
#1 D:\xampp\htdocs\AlumbradoPublico\system\CodeIgniter.php(410): CodeIgniter\CodeIgniter->runController(Object(App\Controllers\Inicio))
#2 D:\xampp\htdocs\AlumbradoPublico\system\CodeIgniter.php(318): CodeIgniter\CodeIgniter->handleRequest(NULL, Object(Config\Cache), false)
#3 D:\xampp\htdocs\AlumbradoPublico\public\index.php(37): CodeIgniter\CodeIgniter->run()
#4 {main}
CRITICAL - 2021-11-10 23:03:46 --> Call to undefined function App\Controllers\plantilla()
#0 D:\xampp\htdocs\AlumbradoPublico\system\CodeIgniter.php(824): App\Controllers\Inicio->mapa()
#1 D:\xampp\htdocs\AlumbradoPublico\system\CodeIgniter.php(410): CodeIgniter\CodeIgniter->runController(Object(App\Controllers\Inicio))
#2 D:\xampp\htdocs\AlumbradoPublico\system\CodeIgniter.php(318): CodeIgniter\CodeIgniter->handleRequest(NULL, Object(Config\Cache), false)
#3 D:\xampp\htdocs\AlumbradoPublico\public\index.php(37): CodeIgniter\CodeIgniter->run()
#4 {main}
CRITICAL - 2021-11-10 23:03:47 --> Call to undefined function App\Controllers\plantilla()
#0 D:\xampp\htdocs\AlumbradoPublico\system\CodeIgniter.php(824): App\Controllers\Inicio->mapa()
#1 D:\xampp\htdocs\AlumbradoPublico\system\CodeIgniter.php(410): CodeIgniter\CodeIgniter->runController(Object(App\Controllers\Inicio))
#2 D:\xampp\htdocs\AlumbradoPublico\system\CodeIgniter.php(318): CodeIgniter\CodeIgniter->handleRequest(NULL, Object(Config\Cache), false)
#3 D:\xampp\htdocs\AlumbradoPublico\public\index.php(37): CodeIgniter\CodeIgniter->run()
#4 {main}
CRITICAL - 2021-11-10 23:03:47 --> Call to undefined function App\Controllers\plantilla()
#0 D:\xampp\htdocs\AlumbradoPublico\system\CodeIgniter.php(824): App\Controllers\Inicio->mapa()
#1 D:\xampp\htdocs\AlumbradoPublico\system\CodeIgniter.php(410): CodeIgniter\CodeIgniter->runController(Object(App\Controllers\Inicio))
#2 D:\xampp\htdocs\AlumbradoPublico\system\CodeIgniter.php(318): CodeIgniter\CodeIgniter->handleRequest(NULL, Object(Config\Cache), false)
#3 D:\xampp\htdocs\AlumbradoPublico\public\index.php(37): CodeIgniter\CodeIgniter->run()
#4 {main}
CRITICAL - 2021-11-10 23:08:18 --> Call to undefined function App\Controllers\plantilla()
#0 D:\xampp\htdocs\AlumbradoPublico\system\CodeIgniter.php(824): App\Controllers\Inicio->mapa()
#1 D:\xampp\htdocs\AlumbradoPublico\system\CodeIgniter.php(410): CodeIgniter\CodeIgniter->runController(Object(App\Controllers\Inicio))
#2 D:\xampp\htdocs\AlumbradoPublico\system\CodeIgniter.php(318): CodeIgniter\CodeIgniter->handleRequest(NULL, Object(Config\Cache), false)
#3 D:\xampp\htdocs\AlumbradoPublico\public\index.php(37): CodeIgniter\CodeIgniter->run()
#4 {main}
CRITICAL - 2021-11-10 23:08:19 --> Call to undefined function App\Controllers\plantilla()
#0 D:\xampp\htdocs\AlumbradoPublico\system\CodeIgniter.php(824): App\Controllers\Inicio->mapa()
#1 D:\xampp\htdocs\AlumbradoPublico\system\CodeIgniter.php(410): CodeIgniter\CodeIgniter->runController(Object(App\Controllers\Inicio))
#2 D:\xampp\htdocs\AlumbradoPublico\system\CodeIgniter.php(318): CodeIgniter\CodeIgniter->handleRequest(NULL, Object(Config\Cache), false)
#3 D:\xampp\htdocs\AlumbradoPublico\public\index.php(37): CodeIgniter\CodeIgniter->run()
#4 {main}
CRITICAL - 2021-11-10 23:08:20 --> Call to undefined function App\Controllers\plantilla()
#0 D:\xampp\htdocs\AlumbradoPublico\system\CodeIgniter.php(824): App\Controllers\Inicio->mapa()
#1 D:\xampp\htdocs\AlumbradoPublico\system\CodeIgniter.php(410): CodeIgniter\CodeIgniter->runController(Object(App\Controllers\Inicio))
#2 D:\xampp\htdocs\AlumbradoPublico\system\CodeIgniter.php(318): CodeIgniter\CodeIgniter->handleRequest(NULL, Object(Config\Cache), false)
#3 D:\xampp\htdocs\AlumbradoPublico\public\index.php(37): CodeIgniter\CodeIgniter->run()
#4 {main}
CRITICAL - 2021-11-10 23:08:20 --> Call to undefined function App\Controllers\plantilla()
#0 D:\xampp\htdocs\AlumbradoPublico\system\CodeIgniter.php(824): App\Controllers\Inicio->mapa()
#1 D:\xampp\htdocs\AlumbradoPublico\system\CodeIgniter.php(410): CodeIgniter\CodeIgniter->runController(Object(App\Controllers\Inicio))
#2 D:\xampp\htdocs\AlumbradoPublico\system\CodeIgniter.php(318): CodeIgniter\CodeIgniter->handleRequest(NULL, Object(Config\Cache), false)
#3 D:\xampp\htdocs\AlumbradoPublico\public\index.php(37): CodeIgniter\CodeIgniter->run()
#4 {main}
CRITICAL - 2021-11-10 23:09:18 --> Cannot call constructor
#0 D:\xampp\htdocs\AlumbradoPublico\system\CodeIgniter.php(801): App\Controllers\Inicio->__construct()
#1 D:\xampp\htdocs\AlumbradoPublico\system\CodeIgniter.php(401): CodeIgniter\CodeIgniter->createController()
#2 D:\xampp\htdocs\AlumbradoPublico\system\CodeIgniter.php(318): CodeIgniter\CodeIgniter->handleRequest(NULL, Object(Config\Cache), false)
#3 D:\xampp\htdocs\AlumbradoPublico\public\index.php(37): CodeIgniter\CodeIgniter->run()
#4 {main}
CRITICAL - 2021-11-10 23:09:31 --> Cannot call constructor
#0 D:\xampp\htdocs\AlumbradoPublico\app\Controllers\Inicio.php(9): App\Controllers\BaseController->__construct()
#1 D:\xampp\htdocs\AlumbradoPublico\system\CodeIgniter.php(801): App\Controllers\Inicio->__construct()
#2 D:\xampp\htdocs\AlumbradoPublico\system\CodeIgniter.php(401): CodeIgniter\CodeIgniter->createController()
#3 D:\xampp\htdocs\AlumbradoPublico\system\CodeIgniter.php(318): CodeIgniter\CodeIgniter->handleRequest(NULL, Object(Config\Cache), false)
#4 D:\xampp\htdocs\AlumbradoPublico\public\index.php(37): CodeIgniter\CodeIgniter->run()
#5 {main}
CRITICAL - 2021-11-10 23:09:36 --> Call to undefined function App\Controllers\plantilla()
#0 D:\xampp\htdocs\AlumbradoPublico\system\CodeIgniter.php(824): App\Controllers\Inicio->mapa()
#1 D:\xampp\htdocs\AlumbradoPublico\system\CodeIgniter.php(410): CodeIgniter\CodeIgniter->runController(Object(App\Controllers\Inicio))
#2 D:\xampp\htdocs\AlumbradoPublico\system\CodeIgniter.php(318): CodeIgniter\CodeIgniter->handleRequest(NULL, Object(Config\Cache), false)
#3 D:\xampp\htdocs\AlumbradoPublico\public\index.php(37): CodeIgniter\CodeIgniter->run()
#4 {main}
CRITICAL - 2021-11-10 23:09:50 --> Call to undefined function App\Controllers\plantilla()
#0 D:\xampp\htdocs\AlumbradoPublico\system\CodeIgniter.php(824): App\Controllers\Inicio->mapa()
#1 D:\xampp\htdocs\AlumbradoPublico\system\CodeIgniter.php(410): CodeIgniter\CodeIgniter->runController(Object(App\Controllers\Inicio))
#2 D:\xampp\htdocs\AlumbradoPublico\system\CodeIgniter.php(318): CodeIgniter\CodeIgniter->handleRequest(NULL, Object(Config\Cache), false)
#3 D:\xampp\htdocs\AlumbradoPublico\public\index.php(37): CodeIgniter\CodeIgniter->run()
#4 {main}
CRITICAL - 2021-11-10 23:10:04 --> Call to undefined function App\Controllers\plantilla()
#0 D:\xampp\htdocs\AlumbradoPublico\system\CodeIgniter.php(824): App\Controllers\Inicio->mapa()
#1 D:\xampp\htdocs\AlumbradoPublico\system\CodeIgniter.php(410): CodeIgniter\CodeIgniter->runController(Object(App\Controllers\Inicio))
#2 D:\xampp\htdocs\AlumbradoPublico\system\CodeIgniter.php(318): CodeIgniter\CodeIgniter->handleRequest(NULL, Object(Config\Cache), false)
#3 D:\xampp\htdocs\AlumbradoPublico\public\index.php(37): CodeIgniter\CodeIgniter->run()
#4 {main}
CRITICAL - 2021-11-10 23:10:05 --> Call to undefined function App\Controllers\plantilla()
#0 D:\xampp\htdocs\AlumbradoPublico\system\CodeIgniter.php(824): App\Controllers\Inicio->mapa()
#1 D:\xampp\htdocs\AlumbradoPublico\system\CodeIgniter.php(410): CodeIgniter\CodeIgniter->runController(Object(App\Controllers\Inicio))
#2 D:\xampp\htdocs\AlumbradoPublico\system\CodeIgniter.php(318): CodeIgniter\CodeIgniter->handleRequest(NULL, Object(Config\Cache), false)
#3 D:\xampp\htdocs\AlumbradoPublico\public\index.php(37): CodeIgniter\CodeIgniter->run()
#4 {main}
CRITICAL - 2021-11-10 23:10:05 --> Call to undefined function App\Controllers\plantilla()
#0 D:\xampp\htdocs\AlumbradoPublico\system\CodeIgniter.php(824): App\Controllers\Inicio->mapa()
#1 D:\xampp\htdocs\AlumbradoPublico\system\CodeIgniter.php(410): CodeIgniter\CodeIgniter->runController(Object(App\Controllers\Inicio))
#2 D:\xampp\htdocs\AlumbradoPublico\system\CodeIgniter.php(318): CodeIgniter\CodeIgniter->handleRequest(NULL, Object(Config\Cache), false)
#3 D:\xampp\htdocs\AlumbradoPublico\public\index.php(37): CodeIgniter\CodeIgniter->run()
#4 {main}
CRITICAL - 2021-11-10 23:10:08 --> Call to undefined function App\Controllers\plantilla()
#0 D:\xampp\htdocs\AlumbradoPublico\system\CodeIgniter.php(824): App\Controllers\Inicio->mapa()
#1 D:\xampp\htdocs\AlumbradoPublico\system\CodeIgniter.php(410): CodeIgniter\CodeIgniter->runController(Object(App\Controllers\Inicio))
#2 D:\xampp\htdocs\AlumbradoPublico\system\CodeIgniter.php(318): CodeIgniter\CodeIgniter->handleRequest(NULL, Object(Config\Cache), false)
#3 D:\xampp\htdocs\AlumbradoPublico\public\index.php(37): CodeIgniter\CodeIgniter->run()
#4 {main}
CRITICAL - 2021-11-10 23:10:11 --> Call to undefined function App\Controllers\plantilla()
#0 D:\xampp\htdocs\AlumbradoPublico\system\CodeIgniter.php(824): App\Controllers\Inicio->mapa()
#1 D:\xampp\htdocs\AlumbradoPublico\system\CodeIgniter.php(410): CodeIgniter\CodeIgniter->runController(Object(App\Controllers\Inicio))
#2 D:\xampp\htdocs\AlumbradoPublico\system\CodeIgniter.php(318): CodeIgniter\CodeIgniter->handleRequest(NULL, Object(Config\Cache), false)
#3 D:\xampp\htdocs\AlumbradoPublico\public\index.php(37): CodeIgniter\CodeIgniter->run()
#4 {main}
CRITICAL - 2021-11-10 23:10:41 --> Call to undefined function App\Controllers\plantilla()
#0 D:\xampp\htdocs\AlumbradoPublico\system\CodeIgniter.php(824): App\Controllers\Inicio->mapa()
#1 D:\xampp\htdocs\AlumbradoPublico\system\CodeIgniter.php(410): CodeIgniter\CodeIgniter->runController(Object(App\Controllers\Inicio))
#2 D:\xampp\htdocs\AlumbradoPublico\system\CodeIgniter.php(318): CodeIgniter\CodeIgniter->handleRequest(NULL, Object(Config\Cache), false)
#3 D:\xampp\htdocs\AlumbradoPublico\public\index.php(37): CodeIgniter\CodeIgniter->run()
#4 {main}
CRITICAL - 2021-11-10 23:10:42 --> Call to undefined function App\Controllers\plantilla()
#0 D:\xampp\htdocs\AlumbradoPublico\system\CodeIgniter.php(824): App\Controllers\Inicio->mapa()
#1 D:\xampp\htdocs\AlumbradoPublico\system\CodeIgniter.php(410): CodeIgniter\CodeIgniter->runController(Object(App\Controllers\Inicio))
#2 D:\xampp\htdocs\AlumbradoPublico\system\CodeIgniter.php(318): CodeIgniter\CodeIgniter->handleRequest(NULL, Object(Config\Cache), false)
#3 D:\xampp\htdocs\AlumbradoPublico\public\index.php(37): CodeIgniter\CodeIgniter->run()
#4 {main}
CRITICAL - 2021-11-10 23:10:42 --> Call to undefined function App\Controllers\plantilla()
#0 D:\xampp\htdocs\AlumbradoPublico\system\CodeIgniter.php(824): App\Controllers\Inicio->mapa()
#1 D:\xampp\htdocs\AlumbradoPublico\system\CodeIgniter.php(410): CodeIgniter\CodeIgniter->runController(Object(App\Controllers\Inicio))
#2 D:\xampp\htdocs\AlumbradoPublico\system\CodeIgniter.php(318): CodeIgniter\CodeIgniter->handleRequest(NULL, Object(Config\Cache), false)
#3 D:\xampp\htdocs\AlumbradoPublico\public\index.php(37): CodeIgniter\CodeIgniter->run()
#4 {main}
CRITICAL - 2021-11-10 23:10:42 --> Call to undefined function App\Controllers\plantilla()
#0 D:\xampp\htdocs\AlumbradoPublico\system\CodeIgniter.php(824): App\Controllers\Inicio->mapa()
#1 D:\xampp\htdocs\AlumbradoPublico\system\CodeIgniter.php(410): CodeIgniter\CodeIgniter->runController(Object(App\Controllers\Inicio))
#2 D:\xampp\htdocs\AlumbradoPublico\system\CodeIgniter.php(318): CodeIgniter\CodeIgniter->handleRequest(NULL, Object(Config\Cache), false)
#3 D:\xampp\htdocs\AlumbradoPublico\public\index.php(37): CodeIgniter\CodeIgniter->run()
#4 {main}
CRITICAL - 2021-11-10 23:10:42 --> Call to undefined function App\Controllers\plantilla()
#0 D:\xampp\htdocs\AlumbradoPublico\system\CodeIgniter.php(824): App\Controllers\Inicio->mapa()
#1 D:\xampp\htdocs\AlumbradoPublico\system\CodeIgniter.php(410): CodeIgniter\CodeIgniter->runController(Object(App\Controllers\Inicio))
#2 D:\xampp\htdocs\AlumbradoPublico\system\CodeIgniter.php(318): CodeIgniter\CodeIgniter->handleRequest(NULL, Object(Config\Cache), false)
#3 D:\xampp\htdocs\AlumbradoPublico\public\index.php(37): CodeIgniter\CodeIgniter->run()
#4 {main}
CRITICAL - 2021-11-10 23:10:43 --> Call to undefined function App\Controllers\plantilla()
#0 D:\xampp\htdocs\AlumbradoPublico\system\CodeIgniter.php(824): App\Controllers\Inicio->mapa()
#1 D:\xampp\htdocs\AlumbradoPublico\system\CodeIgniter.php(410): CodeIgniter\CodeIgniter->runController(Object(App\Controllers\Inicio))
#2 D:\xampp\htdocs\AlumbradoPublico\system\CodeIgniter.php(318): CodeIgniter\CodeIgniter->handleRequest(NULL, Object(Config\Cache), false)
#3 D:\xampp\htdocs\AlumbradoPublico\public\index.php(37): CodeIgniter\CodeIgniter->run()
#4 {main}
CRITICAL - 2021-11-10 23:10:43 --> Call to undefined function App\Controllers\plantilla()
#0 D:\xampp\htdocs\AlumbradoPublico\system\CodeIgniter.php(824): App\Controllers\Inicio->mapa()
#1 D:\xampp\htdocs\AlumbradoPublico\system\CodeIgniter.php(410): CodeIgniter\CodeIgniter->runController(Object(App\Controllers\Inicio))
#2 D:\xampp\htdocs\AlumbradoPublico\system\CodeIgniter.php(318): CodeIgniter\CodeIgniter->handleRequest(NULL, Object(Config\Cache), false)
#3 D:\xampp\htdocs\AlumbradoPublico\public\index.php(37): CodeIgniter\CodeIgniter->run()
#4 {main}
CRITICAL - 2021-11-10 23:10:43 --> Call to undefined function App\Controllers\plantilla()
#0 D:\xampp\htdocs\AlumbradoPublico\system\CodeIgniter.php(824): App\Controllers\Inicio->mapa()
#1 D:\xampp\htdocs\AlumbradoPublico\system\CodeIgniter.php(410): CodeIgniter\CodeIgniter->runController(Object(App\Controllers\Inicio))
#2 D:\xampp\htdocs\AlumbradoPublico\system\CodeIgniter.php(318): CodeIgniter\CodeIgniter->handleRequest(NULL, Object(Config\Cache), false)
#3 D:\xampp\htdocs\AlumbradoPublico\public\index.php(37): CodeIgniter\CodeIgniter->run()
#4 {main}
CRITICAL - 2021-11-10 23:10:43 --> Call to undefined function App\Controllers\plantilla()
#0 D:\xampp\htdocs\AlumbradoPublico\system\CodeIgniter.php(824): App\Controllers\Inicio->mapa()
#1 D:\xampp\htdocs\AlumbradoPublico\system\CodeIgniter.php(410): CodeIgniter\CodeIgniter->runController(Object(App\Controllers\Inicio))
#2 D:\xampp\htdocs\AlumbradoPublico\system\CodeIgniter.php(318): CodeIgniter\CodeIgniter->handleRequest(NULL, Object(Config\Cache), false)
#3 D:\xampp\htdocs\AlumbradoPublico\public\index.php(37): CodeIgniter\CodeIgniter->run()
#4 {main}
CRITICAL - 2021-11-10 23:10:43 --> Call to undefined function App\Controllers\plantilla()
#0 D:\xampp\htdocs\AlumbradoPublico\system\CodeIgniter.php(824): App\Controllers\Inicio->mapa()
#1 D:\xampp\htdocs\AlumbradoPublico\system\CodeIgniter.php(410): CodeIgniter\CodeIgniter->runController(Object(App\Controllers\Inicio))
#2 D:\xampp\htdocs\AlumbradoPublico\system\CodeIgniter.php(318): CodeIgniter\CodeIgniter->handleRequest(NULL, Object(Config\Cache), false)
#3 D:\xampp\htdocs\AlumbradoPublico\public\index.php(37): CodeIgniter\CodeIgniter->run()
#4 {main}
CRITICAL - 2021-11-10 23:10:43 --> Call to undefined function App\Controllers\plantilla()
#0 D:\xampp\htdocs\AlumbradoPublico\system\CodeIgniter.php(824): App\Controllers\Inicio->mapa()
#1 D:\xampp\htdocs\AlumbradoPublico\system\CodeIgniter.php(410): CodeIgniter\CodeIgniter->runController(Object(App\Controllers\Inicio))
#2 D:\xampp\htdocs\AlumbradoPublico\system\CodeIgniter.php(318): CodeIgniter\CodeIgniter->handleRequest(NULL, Object(Config\Cache), false)
#3 D:\xampp\htdocs\AlumbradoPublico\public\index.php(37): CodeIgniter\CodeIgniter->run()
#4 {main}
CRITICAL - 2021-11-10 23:10:44 --> Call to undefined function App\Controllers\plantilla()
#0 D:\xampp\htdocs\AlumbradoPublico\system\CodeIgniter.php(824): App\Controllers\Inicio->mapa()
#1 D:\xampp\htdocs\AlumbradoPublico\system\CodeIgniter.php(410): CodeIgniter\CodeIgniter->runController(Object(App\Controllers\Inicio))
#2 D:\xampp\htdocs\AlumbradoPublico\system\CodeIgniter.php(318): CodeIgniter\CodeIgniter->handleRequest(NULL, Object(Config\Cache), false)
#3 D:\xampp\htdocs\AlumbradoPublico\public\index.php(37): CodeIgniter\CodeIgniter->run()
#4 {main}
CRITICAL - 2021-11-10 23:10:44 --> Call to undefined function App\Controllers\plantilla()
#0 D:\xampp\htdocs\AlumbradoPublico\system\CodeIgniter.php(824): App\Controllers\Inicio->mapa()
#1 D:\xampp\htdocs\AlumbradoPublico\system\CodeIgniter.php(410): CodeIgniter\CodeIgniter->runController(Object(App\Controllers\Inicio))
#2 D:\xampp\htdocs\AlumbradoPublico\system\CodeIgniter.php(318): CodeIgniter\CodeIgniter->handleRequest(NULL, Object(Config\Cache), false)
#3 D:\xampp\htdocs\AlumbradoPublico\public\index.php(37): CodeIgniter\CodeIgniter->run()
#4 {main}
CRITICAL - 2021-11-10 23:10:44 --> Call to undefined function App\Controllers\plantilla()
#0 D:\xampp\htdocs\AlumbradoPublico\system\CodeIgniter.php(824): App\Controllers\Inicio->mapa()
#1 D:\xampp\htdocs\AlumbradoPublico\system\CodeIgniter.php(410): CodeIgniter\CodeIgniter->runController(Object(App\Controllers\Inicio))
#2 D:\xampp\htdocs\AlumbradoPublico\system\CodeIgniter.php(318): CodeIgniter\CodeIgniter->handleRequest(NULL, Object(Config\Cache), false)
#3 D:\xampp\htdocs\AlumbradoPublico\public\index.php(37): CodeIgniter\CodeIgniter->run()
#4 {main}
CRITICAL - 2021-11-10 23:10:44 --> Call to undefined function App\Controllers\plantilla()
#0 D:\xampp\htdocs\AlumbradoPublico\system\CodeIgniter.php(824): App\Controllers\Inicio->mapa()
#1 D:\xampp\htdocs\AlumbradoPublico\system\CodeIgniter.php(410): CodeIgniter\CodeIgniter->runController(Object(App\Controllers\Inicio))
#2 D:\xampp\htdocs\AlumbradoPublico\system\CodeIgniter.php(318): CodeIgniter\CodeIgniter->handleRequest(NULL, Object(Config\Cache), false)
#3 D:\xampp\htdocs\AlumbradoPublico\public\index.php(37): CodeIgniter\CodeIgniter->run()
#4 {main}
CRITICAL - 2021-11-10 23:10:44 --> Call to undefined function App\Controllers\plantilla()
#0 D:\xampp\htdocs\AlumbradoPublico\system\CodeIgniter.php(824): App\Controllers\Inicio->mapa()
#1 D:\xampp\htdocs\AlumbradoPublico\system\CodeIgniter.php(410): CodeIgniter\CodeIgniter->runController(Object(App\Controllers\Inicio))
#2 D:\xampp\htdocs\AlumbradoPublico\system\CodeIgniter.php(318): CodeIgniter\CodeIgniter->handleRequest(NULL, Object(Config\Cache), false)
#3 D:\xampp\htdocs\AlumbradoPublico\public\index.php(37): CodeIgniter\CodeIgniter->run()
#4 {main}
CRITICAL - 2021-11-10 23:10:44 --> Call to undefined function App\Controllers\plantilla()
#0 D:\xampp\htdocs\AlumbradoPublico\system\CodeIgniter.php(824): App\Controllers\Inicio->mapa()
#1 D:\xampp\htdocs\AlumbradoPublico\system\CodeIgniter.php(410): CodeIgniter\CodeIgniter->runController(Object(App\Controllers\Inicio))
#2 D:\xampp\htdocs\AlumbradoPublico\system\CodeIgniter.php(318): CodeIgniter\CodeIgniter->handleRequest(NULL, Object(Config\Cache), false)
#3 D:\xampp\htdocs\AlumbradoPublico\public\index.php(37): CodeIgniter\CodeIgniter->run()
#4 {main}
CRITICAL - 2021-11-10 23:11:32 --> Call to undefined function App\Controllers\plantilla()
#0 D:\xampp\htdocs\AlumbradoPublico\system\CodeIgniter.php(824): App\Controllers\Inicio->mapa()
#1 D:\xampp\htdocs\AlumbradoPublico\system\CodeIgniter.php(410): CodeIgniter\CodeIgniter->runController(Object(App\Controllers\Inicio))
#2 D:\xampp\htdocs\AlumbradoPublico\system\CodeIgniter.php(318): CodeIgniter\CodeIgniter->handleRequest(NULL, Object(Config\Cache), false)
#3 D:\xampp\htdocs\AlumbradoPublico\public\index.php(37): CodeIgniter\CodeIgniter->run()
#4 {main}
CRITICAL - 2021-11-10 23:11:56 --> Undefined property: App\Controllers\Inicio::$data
#0 D:\xampp\htdocs\AlumbradoPublico\app\Controllers\Inicio.php(15): CodeIgniter\Debug\Exceptions->errorHandler(2, 'Undefined prope...', 'D:\\xampp\\htdocs...', 15)
#1 D:\xampp\htdocs\AlumbradoPublico\system\CodeIgniter.php(824): App\Controllers\Inicio->mapa()
#2 D:\xampp\htdocs\AlumbradoPublico\system\CodeIgniter.php(410): CodeIgniter\CodeIgniter->runController(Object(App\Controllers\Inicio))
#3 D:\xampp\htdocs\AlumbradoPublico\system\CodeIgniter.php(318): CodeIgniter\CodeIgniter->handleRequest(NULL, Object(Config\Cache), false)
#4 D:\xampp\htdocs\AlumbradoPublico\public\index.php(37): CodeIgniter\CodeIgniter->run()
#5 {main}
CRITICAL - 2021-11-10 23:12:08 --> Undefined property: App\Controllers\Inicio::$data
#0 D:\xampp\htdocs\AlumbradoPublico\app\Controllers\Inicio.php(10): CodeIgniter\Debug\Exceptions->errorHandler(2, 'Undefined prope...', 'D:\\xampp\\htdocs...', 10)
#1 D:\xampp\htdocs\AlumbradoPublico\system\CodeIgniter.php(824): App\Controllers\Inicio->mapa()
#2 D:\xampp\htdocs\AlumbradoPublico\system\CodeIgniter.php(410): CodeIgniter\CodeIgniter->runController(Object(App\Controllers\Inicio))
#3 D:\xampp\htdocs\AlumbradoPublico\system\CodeIgniter.php(318): CodeIgniter\CodeIgniter->handleRequest(NULL, Object(Config\Cache), false)
#4 D:\xampp\htdocs\AlumbradoPublico\public\index.php(37): CodeIgniter\CodeIgniter->run()
#5 {main}
CRITICAL - 2021-11-10 23:12:15 --> Undefined property: App\Controllers\Inicio::$data
#0 D:\xampp\htdocs\AlumbradoPublico\app\Controllers\Inicio.php(10): CodeIgniter\Debug\Exceptions->errorHandler(2, 'Undefined prope...', 'D:\\xampp\\htdocs...', 10)
#1 D:\xampp\htdocs\AlumbradoPublico\system\CodeIgniter.php(824): App\Controllers\Inicio->mapa()
#2 D:\xampp\htdocs\AlumbradoPublico\system\CodeIgniter.php(410): CodeIgniter\CodeIgniter->runController(Object(App\Controllers\Inicio))
#3 D:\xampp\htdocs\AlumbradoPublico\system\CodeIgniter.php(318): CodeIgniter\CodeIgniter->handleRequest(NULL, Object(Config\Cache), false)
#4 D:\xampp\htdocs\AlumbradoPublico\public\index.php(37): CodeIgniter\CodeIgniter->run()
#5 {main}
