ERROR - 2021-11-11 02:01:00 --> Error connecting to the database: Access denied for user '****'@'localhost' (using password: NO)
CRITICAL - 2021-11-11 02:01:00 --> Unable to connect to the database.
Main connection [MySQLi]: Access denied for user '****'@'localhost' (using password: NO)
#0 D:\xampp\htdocs\AlumbradoPublico\system\Database\BaseConnection.php(577): CodeIgniter\Database\BaseConnection->initialize()
#1 D:\xampp\htdocs\AlumbradoPublico\system\Database\BaseBuilder.php(1443): CodeIgniter\Database\BaseConnection->query('SELECT *\nFROM `...', Array, false)
#2 D:\xampp\htdocs\AlumbradoPublico\system\Model.php(183): CodeIgniter\Database\BaseBuilder->get()
#3 D:\xampp\htdocs\AlumbradoPublico\system\BaseModel.php(584): CodeIgniter\Model->doFindAll(0, 0)
#4 D:\xampp\htdocs\AlumbradoPublico\app\Controllers\Go.php(9): CodeIgniter\BaseModel->findAll()
#5 D:\xampp\htdocs\AlumbradoPublico\system\CodeIgniter.php(824): App\Controllers\Go->mapa()
#6 D:\xampp\htdocs\AlumbradoPublico\system\CodeIgniter.php(410): CodeIgniter\CodeIgniter->runController(Object(App\Controllers\Go))
#7 D:\xampp\htdocs\AlumbradoPublico\system\CodeIgniter.php(318): CodeIgniter\CodeIgniter->handleRequest(NULL, Object(Config\Cache), false)
#8 D:\xampp\htdocs\AlumbradoPublico\public\index.php(37): CodeIgniter\CodeIgniter->run()
#9 {main}
CRITICAL - 2021-11-11 02:42:20 --> Undefined variable $NombreErr
#0 D:\xampp\htdocs\AlumbradoPublico\app\Views\inicio\mapa.php(68): CodeIgniter\Debug\Exceptions->errorHandler(2, 'Undefined varia...', 'D:\\xampp\\htdocs...', 68)
#1 D:\xampp\htdocs\AlumbradoPublico\system\View\View.php(214): include('D:\\xampp\\htdocs...')
#2 D:\xampp\htdocs\AlumbradoPublico\system\View\View.php(217): CodeIgniter\View\View->CodeIgniter\View\{closure}()
#3 D:\xampp\htdocs\AlumbradoPublico\system\Common.php(1097): CodeIgniter\View\View->render('inicio/mapa', Array, true)
#4 D:\xampp\htdocs\AlumbradoPublico\app\Helpers\plantilla_helper.php(9): view('inicio/mapa', Array)
#5 D:\xampp\htdocs\AlumbradoPublico\app\Controllers\Go.php(11): plantilla('inicio/mapa', Array)
#6 D:\xampp\htdocs\AlumbradoPublico\system\CodeIgniter.php(824): App\Controllers\Go->mapa()
#7 D:\xampp\htdocs\AlumbradoPublico\system\CodeIgniter.php(410): CodeIgniter\CodeIgniter->runController(Object(App\Controllers\Go))
#8 D:\xampp\htdocs\AlumbradoPublico\system\CodeIgniter.php(318): CodeIgniter\CodeIgniter->handleRequest(NULL, Object(Config\Cache), false)
#9 D:\xampp\htdocs\AlumbradoPublico\public\index.php(37): CodeIgniter\CodeIgniter->run()
#10 {main}
CRITICAL - 2021-11-11 02:42:55 --> Undefined variable $NombreErr
#0 D:\xampp\htdocs\AlumbradoPublico\app\Views\inicio\mapa.php(68): CodeIgniter\Debug\Exceptions->errorHandler(2, 'Undefined varia...', 'D:\\xampp\\htdocs...', 68)
#1 D:\xampp\htdocs\AlumbradoPublico\system\View\View.php(214): include('D:\\xampp\\htdocs...')
#2 D:\xampp\htdocs\AlumbradoPublico\system\View\View.php(217): CodeIgniter\View\View->CodeIgniter\View\{closure}()
#3 D:\xampp\htdocs\AlumbradoPublico\system\Common.php(1097): CodeIgniter\View\View->render('inicio/mapa', Array, true)
#4 D:\xampp\htdocs\AlumbradoPublico\app\Helpers\plantilla_helper.php(9): view('inicio/mapa', Array)
#5 D:\xampp\htdocs\AlumbradoPublico\app\Controllers\Go.php(11): plantilla('inicio/mapa', Array)
#6 D:\xampp\htdocs\AlumbradoPublico\system\CodeIgniter.php(824): App\Controllers\Go->mapa()
#7 D:\xampp\htdocs\AlumbradoPublico\system\CodeIgniter.php(410): CodeIgniter\CodeIgniter->runController(Object(App\Controllers\Go))
#8 D:\xampp\htdocs\AlumbradoPublico\system\CodeIgniter.php(318): CodeIgniter\CodeIgniter->handleRequest(NULL, Object(Config\Cache), false)
#9 D:\xampp\htdocs\AlumbradoPublico\public\index.php(37): CodeIgniter\CodeIgniter->run()
#10 {main}
CRITICAL - 2021-11-11 02:43:03 --> Undefined variable $NombreErr
#0 D:\xampp\htdocs\AlumbradoPublico\app\Views\inicio\mapa.php(68): CodeIgniter\Debug\Exceptions->errorHandler(2, 'Undefined varia...', 'D:\\xampp\\htdocs...', 68)
#1 D:\xampp\htdocs\AlumbradoPublico\system\View\View.php(214): include('D:\\xampp\\htdocs...')
#2 D:\xampp\htdocs\AlumbradoPublico\system\View\View.php(217): CodeIgniter\View\View->CodeIgniter\View\{closure}()
#3 D:\xampp\htdocs\AlumbradoPublico\system\Common.php(1097): CodeIgniter\View\View->render('inicio/mapa', Array, true)
#4 D:\xampp\htdocs\AlumbradoPublico\app\Helpers\plantilla_helper.php(9): view('inicio/mapa', Array)
#5 D:\xampp\htdocs\AlumbradoPublico\app\Controllers\Go.php(11): plantilla('inicio/mapa', Array)
#6 D:\xampp\htdocs\AlumbradoPublico\system\CodeIgniter.php(824): App\Controllers\Go->mapa()
#7 D:\xampp\htdocs\AlumbradoPublico\system\CodeIgniter.php(410): CodeIgniter\CodeIgniter->runController(Object(App\Controllers\Go))
#8 D:\xampp\htdocs\AlumbradoPublico\system\CodeIgniter.php(318): CodeIgniter\CodeIgniter->handleRequest(NULL, Object(Config\Cache), false)
#9 D:\xampp\htdocs\AlumbradoPublico\public\index.php(37): CodeIgniter\CodeIgniter->run()
#10 {main}
CRITICAL - 2021-11-11 19:15:57 --> Undefined array key 1
#0 D:\xampp\htdocs\AlumbradoPublico\app\Controllers\BaseController.php(45): CodeIgniter\Debug\Exceptions->errorHandler(2, 'Undefined array...', 'D:\\xampp\\htdocs...', 45)
#1 D:\xampp\htdocs\AlumbradoPublico\system\CodeIgniter.php(802): App\Controllers\BaseController->initController(Object(CodeIgniter\HTTP\IncomingRequest), Object(CodeIgniter\HTTP\Response), Object(CodeIgniter\Log\Logger))
#2 D:\xampp\htdocs\AlumbradoPublico\system\CodeIgniter.php(401): CodeIgniter\CodeIgniter->createController()
#3 D:\xampp\htdocs\AlumbradoPublico\system\CodeIgniter.php(318): CodeIgniter\CodeIgniter->handleRequest(NULL, Object(Config\Cache), false)
#4 D:\xampp\htdocs\AlumbradoPublico\public\index.php(37): CodeIgniter\CodeIgniter->run()
#5 {main}
CRITICAL - 2021-11-11 19:36:50 --> Undefined variable $session
#0 D:\xampp\htdocs\AlumbradoPublico\app\Views\go\admin.php(7): CodeIgniter\Debug\Exceptions->errorHandler(2, 'Undefined varia...', 'D:\\xampp\\htdocs...', 7)
#1 D:\xampp\htdocs\AlumbradoPublico\system\View\View.php(214): include('D:\\xampp\\htdocs...')
#2 D:\xampp\htdocs\AlumbradoPublico\system\View\View.php(217): CodeIgniter\View\View->CodeIgniter\View\{closure}()
#3 D:\xampp\htdocs\AlumbradoPublico\system\Common.php(1097): CodeIgniter\View\View->render('go/admin', Array, true)
#4 D:\xampp\htdocs\AlumbradoPublico\app\Helpers\plantilla_helper.php(9): view('go/admin', Array)
#5 D:\xampp\htdocs\AlumbradoPublico\app\Controllers\Go.php(21): plantilla('go/admin', Array)
#6 D:\xampp\htdocs\AlumbradoPublico\system\CodeIgniter.php(824): App\Controllers\Go->admin()
#7 D:\xampp\htdocs\AlumbradoPublico\system\CodeIgniter.php(410): CodeIgniter\CodeIgniter->runController(Object(App\Controllers\Go))
#8 D:\xampp\htdocs\AlumbradoPublico\system\CodeIgniter.php(318): CodeIgniter\CodeIgniter->handleRequest(NULL, Object(Config\Cache), false)
#9 D:\xampp\htdocs\AlumbradoPublico\public\index.php(37): CodeIgniter\CodeIgniter->run()
#10 {main}
CRITICAL - 2021-11-11 19:38:15 --> unlink(D:\xampp\htdocs\AlumbradoPublico\writable\debugbar/debugbar_1636621710.json): No such file or directory
#0 [internal function]: CodeIgniter\Debug\Exceptions->errorHandler(2, 'unlink(D:\\xampp...', 'D:\\xampp\\htdocs...', 74)
#1 D:\xampp\htdocs\AlumbradoPublico\system\Debug\Toolbar\Collectors\History.php(74): unlink('D:\\xampp\\htdocs...')
#2 D:\xampp\htdocs\AlumbradoPublico\system\Debug\Toolbar.php(483): CodeIgniter\Debug\Toolbar\Collectors\History->setFiles(1636681094, 20)
#3 D:\xampp\htdocs\AlumbradoPublico\system\Debug\Toolbar.php(460): CodeIgniter\Debug\Toolbar->format(Array, 'html')
#4 D:\xampp\htdocs\AlumbradoPublico\app\Config\Events.php(48): CodeIgniter\Debug\Toolbar->respond()
#5 D:\xampp\htdocs\AlumbradoPublico\system\Events\Events.php(149): CodeIgniter\Events\Events::Config\{closure}()
#6 D:\xampp\htdocs\AlumbradoPublico\system\CodeIgniter.php(300): CodeIgniter\Events\Events::trigger('pre_system')
#7 D:\xampp\htdocs\AlumbradoPublico\public\index.php(37): CodeIgniter\CodeIgniter->run()
#8 {main}
CRITICAL - 2021-11-11 21:15:46 --> Undefined variable $totalTime
#0 D:\xampp\htdocs\AlumbradoPublico\system\Debug\Toolbar\Views\toolbar.tpl.php(40): CodeIgniter\Debug\Exceptions->errorHandler(2, 'Undefined varia...', 'D:\\xampp\\htdocs...', 40)
#1 D:\xampp\htdocs\AlumbradoPublico\system\Debug\Toolbar.php(497): include('D:\\xampp\\htdocs...')
#2 D:\xampp\htdocs\AlumbradoPublico\system\Debug\Toolbar.php(460): CodeIgniter\Debug\Toolbar->format(Array, 'html')
#3 D:\xampp\htdocs\AlumbradoPublico\app\Config\Events.php(48): CodeIgniter\Debug\Toolbar->respond()
#4 D:\xampp\htdocs\AlumbradoPublico\system\Events\Events.php(149): CodeIgniter\Events\Events::Config\{closure}()
#5 D:\xampp\htdocs\AlumbradoPublico\system\CodeIgniter.php(300): CodeIgniter\Events\Events::trigger('pre_system')
#6 D:\xampp\htdocs\AlumbradoPublico\public\index.php(37): CodeIgniter\CodeIgniter->run()
#7 {main}
ERROR - 2021-11-11 21:49:22 --> Table 'kraken_tester.usuario' doesn't exist
CRITICAL - 2021-11-11 21:49:22 --> Table 'kraken_tester.usuario' doesn't exist
#0 D:\xampp\htdocs\AlumbradoPublico\system\Database\MySQLi\Connection.php(292): mysqli->query('SELECT *\nFROM `...', 0)
#1 D:\xampp\htdocs\AlumbradoPublico\system\Database\BaseConnection.php(670): CodeIgniter\Database\MySQLi\Connection->execute('SELECT *\nFROM `...')
#2 D:\xampp\htdocs\AlumbradoPublico\system\Database\BaseConnection.php(598): CodeIgniter\Database\BaseConnection->simpleQuery('SELECT *\nFROM `...')
#3 D:\xampp\htdocs\AlumbradoPublico\system\Database\BaseBuilder.php(1443): CodeIgniter\Database\BaseConnection->query('SELECT *\nFROM `...', Array, false)
#4 D:\xampp\htdocs\AlumbradoPublico\system\Model.php(142): CodeIgniter\Database\BaseBuilder->get()
#5 D:\xampp\htdocs\AlumbradoPublico\system\BaseModel.php(523): CodeIgniter\Model->doFind(true, '65d')
#6 D:\xampp\htdocs\AlumbradoPublico\app\Controllers\Go.php(30): CodeIgniter\BaseModel->find('65d')
#7 D:\xampp\htdocs\AlumbradoPublico\system\CodeIgniter.php(824): App\Controllers\Go->admin_login()
#8 D:\xampp\htdocs\AlumbradoPublico\system\CodeIgniter.php(410): CodeIgniter\CodeIgniter->runController(Object(App\Controllers\Go))
#9 D:\xampp\htdocs\AlumbradoPublico\system\CodeIgniter.php(318): CodeIgniter\CodeIgniter->handleRequest(NULL, Object(Config\Cache), false)
#10 D:\xampp\htdocs\AlumbradoPublico\public\index.php(37): CodeIgniter\CodeIgniter->run()
#11 {main}
CRITICAL - 2021-11-11 21:50:41 --> Invalid file: go/admin.php
#0 D:\xampp\htdocs\AlumbradoPublico\system\View\View.php(198): CodeIgniter\Exceptions\FrameworkException::forInvalidFile('go/admin.php')
#1 D:\xampp\htdocs\AlumbradoPublico\system\Common.php(1097): CodeIgniter\View\View->render('go/admin', Array, true)
#2 D:\xampp\htdocs\AlumbradoPublico\app\Helpers\plantilla_helper.php(9): view('go/admin', Array)
#3 D:\xampp\htdocs\AlumbradoPublico\app\Controllers\Go.php(22): plantilla('go/admin', Array)
#4 D:\xampp\htdocs\AlumbradoPublico\system\CodeIgniter.php(824): App\Controllers\Go->admin()
#5 D:\xampp\htdocs\AlumbradoPublico\system\CodeIgniter.php(410): CodeIgniter\CodeIgniter->runController(Object(App\Controllers\Go))
#6 D:\xampp\htdocs\AlumbradoPublico\system\CodeIgniter.php(318): CodeIgniter\CodeIgniter->handleRequest(NULL, Object(Config\Cache), false)
#7 D:\xampp\htdocs\AlumbradoPublico\public\index.php(37): CodeIgniter\CodeIgniter->run()
#8 {main}
CRITICAL - 2021-11-11 21:50:52 --> Invalid file: go/admin.php
#0 D:\xampp\htdocs\AlumbradoPublico\system\View\View.php(198): CodeIgniter\Exceptions\FrameworkException::forInvalidFile('go/admin.php')
#1 D:\xampp\htdocs\AlumbradoPublico\system\Common.php(1097): CodeIgniter\View\View->render('go/admin', Array, true)
#2 D:\xampp\htdocs\AlumbradoPublico\app\Helpers\plantilla_helper.php(9): view('go/admin', Array)
#3 D:\xampp\htdocs\AlumbradoPublico\app\Controllers\Go.php(22): plantilla('go/admin', Array)
#4 D:\xampp\htdocs\AlumbradoPublico\system\CodeIgniter.php(824): App\Controllers\Go->admin()
#5 D:\xampp\htdocs\AlumbradoPublico\system\CodeIgniter.php(410): CodeIgniter\CodeIgniter->runController(Object(App\Controllers\Go))
#6 D:\xampp\htdocs\AlumbradoPublico\system\CodeIgniter.php(318): CodeIgniter\CodeIgniter->handleRequest(NULL, Object(Config\Cache), false)
#7 D:\xampp\htdocs\AlumbradoPublico\public\index.php(37): CodeIgniter\CodeIgniter->run()
#8 {main}
CRITICAL - 2021-11-11 21:51:11 --> Invalid file: go/admin.php
#0 D:\xampp\htdocs\AlumbradoPublico\system\View\View.php(198): CodeIgniter\Exceptions\FrameworkException::forInvalidFile('go/admin.php')
#1 D:\xampp\htdocs\AlumbradoPublico\system\Common.php(1097): CodeIgniter\View\View->render('go/admin', Array, true)
#2 D:\xampp\htdocs\AlumbradoPublico\app\Helpers\plantilla_helper.php(9): view('go/admin', Array)
#3 D:\xampp\htdocs\AlumbradoPublico\app\Controllers\Go.php(22): plantilla('go/admin', Array)
#4 D:\xampp\htdocs\AlumbradoPublico\system\CodeIgniter.php(824): App\Controllers\Go->admin()
#5 D:\xampp\htdocs\AlumbradoPublico\system\CodeIgniter.php(410): CodeIgniter\CodeIgniter->runController(Object(App\Controllers\Go))
#6 D:\xampp\htdocs\AlumbradoPublico\system\CodeIgniter.php(318): CodeIgniter\CodeIgniter->handleRequest(NULL, Object(Config\Cache), false)
#7 D:\xampp\htdocs\AlumbradoPublico\public\index.php(37): CodeIgniter\CodeIgniter->run()
#8 {main}
CRITICAL - 2021-11-11 21:51:30 --> Invalid file: go/admin.php
#0 D:\xampp\htdocs\AlumbradoPublico\system\View\View.php(198): CodeIgniter\Exceptions\FrameworkException::forInvalidFile('go/admin.php')
#1 D:\xampp\htdocs\AlumbradoPublico\system\Common.php(1097): CodeIgniter\View\View->render('go/admin', Array, true)
#2 D:\xampp\htdocs\AlumbradoPublico\app\Helpers\plantilla_helper.php(9): view('go/admin', Array)
#3 D:\xampp\htdocs\AlumbradoPublico\app\Controllers\Go.php(22): plantilla('go/admin', Array)
#4 D:\xampp\htdocs\AlumbradoPublico\system\CodeIgniter.php(824): App\Controllers\Go->admin()
#5 D:\xampp\htdocs\AlumbradoPublico\system\CodeIgniter.php(410): CodeIgniter\CodeIgniter->runController(Object(App\Controllers\Go))
#6 D:\xampp\htdocs\AlumbradoPublico\system\CodeIgniter.php(318): CodeIgniter\CodeIgniter->handleRequest(NULL, Object(Config\Cache), false)
#7 D:\xampp\htdocs\AlumbradoPublico\public\index.php(37): CodeIgniter\CodeIgniter->run()
#8 {main}
CRITICAL - 2021-11-11 21:51:43 --> Invalid file: go/admin.php
#0 D:\xampp\htdocs\AlumbradoPublico\system\View\View.php(198): CodeIgniter\Exceptions\FrameworkException::forInvalidFile('go/admin.php')
#1 D:\xampp\htdocs\AlumbradoPublico\system\Common.php(1097): CodeIgniter\View\View->render('go/admin', Array, true)
#2 D:\xampp\htdocs\AlumbradoPublico\app\Helpers\plantilla_helper.php(9): view('go/admin', Array)
#3 D:\xampp\htdocs\AlumbradoPublico\app\Controllers\Go.php(22): plantilla('go/admin', Array)
#4 D:\xampp\htdocs\AlumbradoPublico\system\CodeIgniter.php(824): App\Controllers\Go->admin()
#5 D:\xampp\htdocs\AlumbradoPublico\system\CodeIgniter.php(410): CodeIgniter\CodeIgniter->runController(Object(App\Controllers\Go))
#6 D:\xampp\htdocs\AlumbradoPublico\system\CodeIgniter.php(318): CodeIgniter\CodeIgniter->handleRequest(NULL, Object(Config\Cache), false)
#7 D:\xampp\htdocs\AlumbradoPublico\public\index.php(37): CodeIgniter\CodeIgniter->run()
#8 {main}
CRITICAL - 2021-11-11 21:52:10 --> Invalid file: go/admin.php
#0 D:\xampp\htdocs\AlumbradoPublico\system\View\View.php(198): CodeIgniter\Exceptions\FrameworkException::forInvalidFile('go/admin.php')
#1 D:\xampp\htdocs\AlumbradoPublico\system\Common.php(1097): CodeIgniter\View\View->render('go/admin', Array, true)
#2 D:\xampp\htdocs\AlumbradoPublico\app\Helpers\plantilla_helper.php(9): view('go/admin', Array)
#3 D:\xampp\htdocs\AlumbradoPublico\app\Controllers\Go.php(22): plantilla('go/admin', Array)
#4 D:\xampp\htdocs\AlumbradoPublico\system\CodeIgniter.php(824): App\Controllers\Go->admin()
#5 D:\xampp\htdocs\AlumbradoPublico\system\CodeIgniter.php(410): CodeIgniter\CodeIgniter->runController(Object(App\Controllers\Go))
#6 D:\xampp\htdocs\AlumbradoPublico\system\CodeIgniter.php(318): CodeIgniter\CodeIgniter->handleRequest(NULL, Object(Config\Cache), false)
#7 D:\xampp\htdocs\AlumbradoPublico\public\index.php(37): CodeIgniter\CodeIgniter->run()
#8 {main}
CRITICAL - 2021-11-11 21:52:11 --> Invalid file: go/admin.php
#0 D:\xampp\htdocs\AlumbradoPublico\system\View\View.php(198): CodeIgniter\Exceptions\FrameworkException::forInvalidFile('go/admin.php')
#1 D:\xampp\htdocs\AlumbradoPublico\system\Common.php(1097): CodeIgniter\View\View->render('go/admin', Array, true)
#2 D:\xampp\htdocs\AlumbradoPublico\app\Helpers\plantilla_helper.php(9): view('go/admin', Array)
#3 D:\xampp\htdocs\AlumbradoPublico\app\Controllers\Go.php(22): plantilla('go/admin', Array)
#4 D:\xampp\htdocs\AlumbradoPublico\system\CodeIgniter.php(824): App\Controllers\Go->admin()
#5 D:\xampp\htdocs\AlumbradoPublico\system\CodeIgniter.php(410): CodeIgniter\CodeIgniter->runController(Object(App\Controllers\Go))
#6 D:\xampp\htdocs\AlumbradoPublico\system\CodeIgniter.php(318): CodeIgniter\CodeIgniter->handleRequest(NULL, Object(Config\Cache), false)
#7 D:\xampp\htdocs\AlumbradoPublico\public\index.php(37): CodeIgniter\CodeIgniter->run()
#8 {main}
CRITICAL - 2021-11-11 21:52:56 --> Invalid file: go/admin.php
#0 D:\xampp\htdocs\AlumbradoPublico\system\View\View.php(198): CodeIgniter\Exceptions\FrameworkException::forInvalidFile('go/admin.php')
#1 D:\xampp\htdocs\AlumbradoPublico\system\Common.php(1097): CodeIgniter\View\View->render('go/admin', Array, true)
#2 D:\xampp\htdocs\AlumbradoPublico\app\Helpers\plantilla_helper.php(9): view('go/admin', Array)
#3 D:\xampp\htdocs\AlumbradoPublico\app\Controllers\Go.php(22): plantilla('go/admin', Array)
#4 D:\xampp\htdocs\AlumbradoPublico\system\CodeIgniter.php(824): App\Controllers\Go->admin()
#5 D:\xampp\htdocs\AlumbradoPublico\system\CodeIgniter.php(410): CodeIgniter\CodeIgniter->runController(Object(App\Controllers\Go))
#6 D:\xampp\htdocs\AlumbradoPublico\system\CodeIgniter.php(318): CodeIgniter\CodeIgniter->handleRequest(NULL, Object(Config\Cache), false)
#7 D:\xampp\htdocs\AlumbradoPublico\public\index.php(37): CodeIgniter\CodeIgniter->run()
#8 {main}
CRITICAL - 2021-11-11 21:52:57 --> Invalid file: go/admin.php
#0 D:\xampp\htdocs\AlumbradoPublico\system\View\View.php(198): CodeIgniter\Exceptions\FrameworkException::forInvalidFile('go/admin.php')
#1 D:\xampp\htdocs\AlumbradoPublico\system\Common.php(1097): CodeIgniter\View\View->render('go/admin', Array, true)
#2 D:\xampp\htdocs\AlumbradoPublico\app\Helpers\plantilla_helper.php(9): view('go/admin', Array)
#3 D:\xampp\htdocs\AlumbradoPublico\app\Controllers\Go.php(22): plantilla('go/admin', Array)
#4 D:\xampp\htdocs\AlumbradoPublico\system\CodeIgniter.php(824): App\Controllers\Go->admin()
#5 D:\xampp\htdocs\AlumbradoPublico\system\CodeIgniter.php(410): CodeIgniter\CodeIgniter->runController(Object(App\Controllers\Go))
#6 D:\xampp\htdocs\AlumbradoPublico\system\CodeIgniter.php(318): CodeIgniter\CodeIgniter->handleRequest(NULL, Object(Config\Cache), false)
#7 D:\xampp\htdocs\AlumbradoPublico\public\index.php(37): CodeIgniter\CodeIgniter->run()
#8 {main}
